<?xml version="1.0" encoding="UTF-8"?>
<!-- Generated by org.testng.reporters.JUnitReportReporter -->
<testsuite hostname="Prakhash-PC" name="cse.maven.sample.NicInterpreterTest" tests="4" failures="0" timestamp="12 Sep 2013 04:36:40 GMT" time="0.078" errors="0">
  <testcase name="createNICTest2" time="0.000" classname="cse.maven.sample.NicInterpreterTest"/>
  <testcase name="createNICTest4" time="0.000" classname="cse.maven.sample.NicInterpreterTest"/>
  <testcase name="createNICTest3" time="0.001" classname="cse.maven.sample.NicInterpreterTest"/>
  <testcase name="createNICTest1" time="0.077" classname="cse.maven.sample.NicInterpreterTest"/>
</testsuite> <!-- cse.maven.sample.NicInterpreterTest -->
